#
# There is insufficient memory for the Java Runtime Environment to continue.
# Native memory allocation (mmap) failed to map 266338304 bytes for G1 virtual space
# Possible reasons:
#   The system is out of physical RAM or swap space
#   The process is running with CompressedOops enabled, and the Java Heap may be blocking the growth of the native heap
# Possible solutions:
#   Reduce memory load on the system
#   Increase physical memory or swap space
#   Check if swap backing store is full
#   Decrease Java heap size (-Xmx/-Xms)
#   Decrease number of Java threads
#   Decrease Java thread stack sizes (-Xss)
#   Set larger code cache with -XX:ReservedCodeCacheSize=
#   JVM is running with Zero Based Compressed Oops mode in which the Java heap is
#     placed in the first 32GB address space. The Java Heap base address is the
#     maximum limit for the native heap growth. Please use -XX:HeapBaseMinAddress
#     to set the Java Heap base and to place the Java Heap above 32GB virtual address.
# This output file may be truncated or incomplete.
#
#  Out of Memory Error (os_windows.cpp:3825), pid=13564, tid=17920
#
# JRE version:  (17.0.9) (build )
# Java VM: OpenJDK 64-Bit Server VM (17.0.9+0--11185874, mixed mode, sharing, tiered, compressed oops, compressed class ptrs, g1 gc, windows-amd64)
# No core dump will be written. Minidumps are not enabled by default on client versions of Windows
#

---------------  S U M M A R Y ------------

Command Line: org.jetbrains.kotlin.cli.jvm.K2JVMCompiler @C:\Users\hodah\AndroidStudioProjects\HungryGo\app\build\20240411_1853497805101654268.compiler.options

Host: Intel(R) Core(TM) i7-10870H CPU @ 2.20GHz, 16 cores, 15G,  Windows 10 , 64 bit Build 19041 (10.0.19041.3636)
Time: Thu Apr 11 17:44:18 2024 Egypt Standard Time elapsed time: 0.016317 seconds (0d 0h 0m 0s)

---------------  T H R E A D  ---------------

Current thread (0x0000019a8c28df00):  JavaThread "Unknown thread" [_thread_in_vm, id=17920, stack(0x0000002459700000,0x0000002459800000)]

Stack: [0x0000002459700000,0x0000002459800000]
Native frames: (J=compiled Java code, j=interpreted, Vv=VM code, C=native code)
V  [jvm.dll+0x6886e9]
V  [jvm.dll+0x841e4a]
V  [jvm.dll+0x843a8e]
V  [jvm.dll+0x8440f3]
V  [jvm.dll+0x24c14f]
V  [jvm.dll+0x685499]
V  [jvm.dll+0x679c2a]
V  [jvm.dll+0x30cf9b]
V  [jvm.dll+0x314446]
V  [jvm.dll+0x36425e]
V  [jvm.dll+0x36448f]
V  [jvm.dll+0x2e2d68]
V  [jvm.dll+0x2e3cd4]
V  [jvm.dll+0x8129f1]
V  [jvm.dll+0x3720c1]
V  [jvm.dll+0x7f152c]
V  [jvm.dll+0x3f5d4f]
V  [jvm.dll+0x3f7981]
C  [jli.dll+0x528f]
C  [ucrtbase.dll+0x21bb2]
C  [KERNEL32.DLL+0x17344]
C  [ntdll.dll+0x526b1]


---------------  P R O C E S S  ---------------

Threads class SMR info:
_java_thread_list=0x00007ffda625ef18, length=0, elements={
}

Java Threads: ( => current thread )

Other Threads:
  0x0000019a8c2f86f0 GCTaskThread "GC Thread#0" [stack: 0x0000002459800000,0x0000002459900000] [id=17644]
  0x0000019a8c30a2d0 ConcurrentGCThread "G1 Main Marker" [stack: 0x0000002459900000,0x0000002459a00000] [id=8668]
  0x0000019a8c30acf0 ConcurrentGCThread "G1 Conc#0" [stack: 0x0000002459a00000,0x0000002459b00000] [id=13008]

[error occurred during error reporting (printing all threads), id 0xc0000005, EXCEPTION_ACCESS_VIOLATION (0xc0000005) at pc=0x00007ffda5a13937]

VM state: not at safepoint (not fully initialized)

VM Mutex/Monitor currently owned by a thread:  ([mutex/lock_event])
[0x0000019a8c2887b0] Heap_lock - owner thread: 0x0000019a8c28df00

Heap address: 0x0000000703800000, size: 4040 MB, Compressed Oops mode: Zero based, Oop shift amount: 3

CDS archive(s) mapped at: [0x0000000000000000-0x0000000000000000-0x0000000000000000), size 0, SharedBaseAddress: 0x0000000800000000, ArchiveRelocationMode: 1.
Narrow klass base: 0x0000000000000000, Narrow klass shift: 0, Narrow klass range: 0x0

GC Precious Log:
<Empty>

Heap:
 garbage-first heap   total 0K, used 0K [0x0000000703800000, 0x0000000800000000)
  region size 2048K, 0 young (0K), 0 survivors (0K)
 Metaspace       used 0K, committed 0K, reserved 0K
  class space    used 0K, committed 0K, reserved 0K

Heap Regions: E=young(eden), S=young(survivor), O=old, HS=humongous(starts), HC=humongous(continues), CS=collection set, F=free, OA=open archive, CA=closed archive, TAMS=top-at-mark-start (previous, next)

Card table byte_map: [0x0000019a9f7f0000,0x0000019a9ffe0000] _byte_map_base: 0x0000019a9bfd4000

Marking Bits (Prev, Next): (CMBitMap*) 0x0000019a8c2f8d10, (CMBitMap*) 0x0000019a8c2f8d50
 Prev Bits: [0x0000019aa07d0000, 0x0000019aa46f0000)
 Next Bits: [0x0000019aa46f0000, 0x0000019aa8610000)

GC Heap History (0 events):
No events

Dll operation events (1 events):
Event: 0.009 Loaded shared library D:\abdullah\android studio\jbr\bin\java.dll

Deoptimization events (0 events):
No events

Classes unloaded (0 events):
No events

Classes redefined (0 events):
No events

Internal exceptions (0 events):
No events

VM Operations (0 events):
No events

Events (0 events):
No events


Dynamic libraries:
0x00007ff6b74d0000 - 0x00007ff6b74da000 	D:\abdullah\android studio\jbr\bin\java.exe
0x00007ffde8870000 - 0x00007ffde8a68000 	C:\WINDOWS\SYSTEM32\ntdll.dll
0x00007ffde7150000 - 0x00007ffde720d000 	C:\WINDOWS\System32\KERNEL32.DLL
0x00007ffde65a0000 - 0x00007ffde6896000 	C:\WINDOWS\System32\KERNELBASE.dll
0x00007ffde6470000 - 0x00007ffde6570000 	C:\WINDOWS\System32\ucrtbase.dll
0x00007ffdbf200000 - 0x00007ffdbf217000 	D:\abdullah\android studio\jbr\bin\jli.dll
0x00007ffddb170000 - 0x00007ffddb18b000 	D:\abdullah\android studio\jbr\bin\VCRUNTIME140.dll
0x00007ffde7ac0000 - 0x00007ffde7c5f000 	C:\WINDOWS\System32\USER32.dll
0x00007ffdc2f50000 - 0x00007ffdc31ea000 	C:\WINDOWS\WinSxS\amd64_microsoft.windows.common-controls_6595b64144ccf1df_6.0.19041.3636_none_60b6a03d71f818d5\COMCTL32.dll
0x00007ffde6440000 - 0x00007ffde6462000 	C:\WINDOWS\System32\win32u.dll
0x00007ffde7340000 - 0x00007ffde73de000 	C:\WINDOWS\System32\msvcrt.dll
0x00007ffde7080000 - 0x00007ffde70ab000 	C:\WINDOWS\System32\GDI32.dll
0x00007ffde60f0000 - 0x00007ffde6207000 	C:\WINDOWS\System32\gdi32full.dll
0x00007ffde6210000 - 0x00007ffde62ad000 	C:\WINDOWS\System32\msvcp_win.dll
0x00007ffde7c60000 - 0x00007ffde7c92000 	C:\WINDOWS\System32\IMM32.DLL
0x00007ffddced0000 - 0x00007ffddcedc000 	D:\abdullah\android studio\jbr\bin\vcruntime140_1.dll
0x00007ffdb9da0000 - 0x00007ffdb9e2d000 	D:\abdullah\android studio\jbr\bin\msvcp140.dll
0x00007ffda5720000 - 0x00007ffda63a3000 	D:\abdullah\android studio\jbr\bin\server\jvm.dll
0x00007ffde6e20000 - 0x00007ffde6ed0000 	C:\WINDOWS\System32\ADVAPI32.dll
0x00007ffde70b0000 - 0x00007ffde7150000 	C:\WINDOWS\System32\sechost.dll
0x00007ffde7210000 - 0x00007ffde7333000 	C:\WINDOWS\System32\RPCRT4.dll
0x00007ffde6570000 - 0x00007ffde6597000 	C:\WINDOWS\System32\bcrypt.dll
0x00007ffde5420000 - 0x00007ffde546b000 	C:\WINDOWS\SYSTEM32\POWRPROF.dll
0x00007ffdc67a0000 - 0x00007ffdc67a9000 	C:\WINDOWS\SYSTEM32\WSOCK32.dll
0x00007ffdd0530000 - 0x00007ffdd0557000 	C:\WINDOWS\SYSTEM32\WINMM.dll
0x00007ffde7ca0000 - 0x00007ffde7d0b000 	C:\WINDOWS\System32\WS2_32.dll
0x00007ffddae30000 - 0x00007ffddae3a000 	C:\WINDOWS\SYSTEM32\VERSION.dll
0x00007ffde52e0000 - 0x00007ffde52f2000 	C:\WINDOWS\SYSTEM32\UMPDC.dll
0x00007ffde4700000 - 0x00007ffde4712000 	C:\WINDOWS\SYSTEM32\kernel.appcore.dll
0x00007ffdc6720000 - 0x00007ffdc672a000 	D:\abdullah\android studio\jbr\bin\jimage.dll
0x00007ffde4410000 - 0x00007ffde45f4000 	C:\WINDOWS\SYSTEM32\DBGHELP.DLL
0x00007ffdd68d0000 - 0x00007ffdd6904000 	C:\WINDOWS\SYSTEM32\dbgcore.DLL
0x00007ffde63b0000 - 0x00007ffde6432000 	C:\WINDOWS\System32\bcryptPrimitives.dll
0x00007ffdc64a0000 - 0x00007ffdc64c5000 	D:\abdullah\android studio\jbr\bin\java.dll

dbghelp: loaded successfully - version: 4.0.5 - missing functions: none
symbol engine: initialized successfully - sym options: 0x614 - pdb path: .;D:\abdullah\android studio\jbr\bin;C:\WINDOWS\SYSTEM32;C:\WINDOWS\WinSxS\amd64_microsoft.windows.common-controls_6595b64144ccf1df_6.0.19041.3636_none_60b6a03d71f818d5;D:\abdullah\android studio\jbr\bin\server

VM Arguments:
java_command: org.jetbrains.kotlin.cli.jvm.K2JVMCompiler @C:\Users\hodah\AndroidStudioProjects\HungryGo\app\build\20240411_1853497805101654268.compiler.options
java_class_path (initial): C:\Users\hodah\.gradle\caches\modules-2\files-2.1\org.jetbrains.kotlin\kotlin-compiler-embeddable\1.9.0\2c8c3a7402becca891f12739b3e9fd2dc2adbd7a\kotlin-compiler-embeddable-1.9.0.jar;C:\Users\hodah\.gradle\caches\modules-2\files-2.1\org.jetbrains.kotlin\kotlin-stdlib\1.9.0\8ee15ef0c67dc83d874f412d84378d7f0eb50b63\kotlin-stdlib-1.9.0.jar;C:\Users\hodah\.gradle\caches\modules-2\files-2.1\org.jetbrains.kotlin\kotlin-script-runtime\1.9.0\4b3102cbbb7e1b58d9d1adf89563f00069ffa7d1\kotlin-script-runtime-1.9.0.jar;C:\Users\hodah\.gradle\caches\modules-2\files-2.1\org.jetbrains.kotlin\kotlin-reflect\1.6.10\1cbe9c92c12a94eea200d23c2bbaedaf3daf5132\kotlin-reflect-1.6.10.jar;C:\Users\hodah\.gradle\caches\modules-2\files-2.1\org.jetbrains.kotlin\kotlin-daemon-embeddable\1.9.0\186543f5e28cf8d9a0290fecc2cf34301c40a65c\kotlin-daemon-embeddable-1.9.0.jar;C:\Users\hodah\.gradle\caches\modules-2\files-2.1\org.jetbrains.intellij.deps\trove4j\1.0.20200330\3afb14d5f9ceb459d724e907a21145e8ff394f02\trove4j-1.0.20200330.jar;C:\Users\hodah\.gradle\caches\modules-2\files-2.1\org.jetbrains.kotlin\kotlin-stdlib-common\1.9.0\cd65c21cfd1eec4d44ef09f9f52b6d9f8a720636\kotlin-stdlib-common-1.9.0.jar;C:\Users\hodah\.gradle\caches\modules-2\files-2.1\org.jetbrains\annotations\13.0\919f0dfe192fb4e063e7dacadee7f8bb9a2672a9\annotations-13.0.jar
Launcher Type: SUN_STANDARD

[Global flags]
     intx CICompilerCount                          = 12                                        {product} {ergonomic}
     uint ConcGCThreads                            = 3                                         {product} {ergonomic}
     uint G1ConcRefinementThreads                  = 13                                        {product} {ergonomic}
   size_t G1HeapRegionSize                         = 2097152                                   {product} {ergonomic}
    uintx GCDrainStackTargetSize                   = 64                                        {product} {ergonomic}
   size_t InitialHeapSize                          = 266338304                                 {product} {ergonomic}
   size_t MarkStackSize                            = 4194304                                   {product} {ergonomic}
   size_t MaxHeapSize                              = 4236247040                                {product} {ergonomic}
   size_t MinHeapDeltaBytes                        = 2097152                                   {product} {ergonomic}
   size_t MinHeapSize                              = 8388608                                   {product} {ergonomic}
    uintx NonNMethodCodeHeapSize                   = 7602480                                {pd product} {ergonomic}
    uintx NonProfiledCodeHeapSize                  = 122027880                              {pd product} {ergonomic}
    uintx ProfiledCodeHeapSize                     = 122027880                              {pd product} {ergonomic}
    uintx ReservedCodeCacheSize                    = 251658240                              {pd product} {ergonomic}
     bool SegmentedCodeCache                       = true                                      {product} {ergonomic}
   size_t SoftMaxHeapSize                          = 4236247040                             {manageable} {ergonomic}
     bool UseCompressedClassPointers               = true                           {product lp64_product} {ergonomic}
     bool UseCompressedOops                        = true                           {product lp64_product} {ergonomic}
     bool UseG1GC                                  = true                                      {product} {ergonomic}
     bool UseLargePagesIndividualAllocation        = false                                  {pd product} {ergonomic}

Logging:
Log output configuration:
 #0: stdout all=warning uptime,level,tags
 #1: stderr all=off uptime,level,tags

Environment Variables:
PATH=C:\Program Files\Common Files\Oracle\Java\javapath;C:\Program Files (x86)\Common Files\Oracle\Java\javapath;C:\WINDOWS\system32;C:\WINDOWS;C:\WINDOWS\System32\Wbem;C:\WINDOWS\System32\WindowsPowerShell\v1.0\;C:\WINDOWS\System32\OpenSSH\;C:\Program Files\dotnet\;C:\Users\hodah\AppData\Local\Microsoft\WindowsApps;C:\adb;C:\Program Files\Git\cmd;C:\Users\hodah\AppData\Local\Microsoft\WindowsApps;C:\Users\hodah\AppData\Local\Android\Sdk\platform-tools;C:\Users\hodah;
USERNAME=hodah
OS=Windows_NT
PROCESSOR_IDENTIFIER=Intel64 Family 6 Model 165 Stepping 2, GenuineIntel
TMP=C:\Users\hodah\AppData\Local\Temp
TEMP=C:\Users\hodah\AppData\Local\Temp



Periodic native trim disabled

JNI global refs:
JNI global refs: 0, weak refs: 0

JNI global refs memory usage: 0, weak refs: 0

OOME stack traces (most recent first):
Classloader memory used:


---------------  S Y S T E M  ---------------

OS:
 Windows 10 , 64 bit Build 19041 (10.0.19041.3636)
OS uptime: 0 days 1:19 hours
Hyper-V role detected

CPU: total 16 (initial active 16) (8 cores per cpu, 2 threads per core) family 6 model 165 stepping 2 microcode 0xf8, cx8, cmov, fxsr, ht, mmx, 3dnowpref, sse, sse2, sse3, ssse3, sse4.1, sse4.2, popcnt, lzcnt, tsc, tscinvbit, avx, avx2, aes, erms, clmul, bmi1, bmi2, adx, fma, vzeroupper, clflush, clflushopt, hv
Processor Information for all 16 processors :
  Max Mhz: 2208, Current Mhz: 2208, Mhz Limit: 2208

Memory: 4k page, system-wide physical 16158M (2390M free)
TotalPageFile size 18206M (AvailPageFile size 162M)
current process WorkingSet (physical memory assigned to process): 11M, peak: 11M
current process commit charge ("private bytes"): 70M, peak: 324M

vm_info: OpenJDK 64-Bit Server VM (17.0.9+0--11185874) for windows-amd64 JRE (17.0.9+0--11185874), built on Dec  6 2023 18:57:44 by "androidbuild" with MS VC++ 16.10 / 16.11 (VS2019)

END.
