#
# There is insufficient memory for the Java Runtime Environment to continue.
# Native memory allocation (mmap) failed to map 266338304 bytes for G1 virtual space
# Possible reasons:
#   The system is out of physical RAM or swap space
#   The process is running with CompressedOops enabled, and the Java Heap may be blocking the growth of the native heap
# Possible solutions:
#   Reduce memory load on the system
#   Increase physical memory or swap space
#   Check if swap backing store is full
#   Decrease Java heap size (-Xmx/-Xms)
#   Decrease number of Java threads
#   Decrease Java thread stack sizes (-Xss)
#   Set larger code cache with -XX:ReservedCodeCacheSize=
#   JVM is running with Zero Based Compressed Oops mode in which the Java heap is
#     placed in the first 32GB address space. The Java Heap base address is the
#     maximum limit for the native heap growth. Please use -XX:HeapBaseMinAddress
#     to set the Java Heap base and to place the Java Heap above 32GB virtual address.
# This output file may be truncated or incomplete.
#
#  Out of Memory Error (os_windows.cpp:3825), pid=5836, tid=14220
#
# JRE version:  (17.0.9) (build )
# Java VM: OpenJDK 64-Bit Server VM (17.0.9+0--11185874, mixed mode, sharing, tiered, compressed oops, compressed class ptrs, g1 gc, windows-amd64)
# No core dump will be written. Minidumps are not enabled by default on client versions of Windows
#

---------------  S U M M A R Y ------------

Command Line: org.jetbrains.kotlin.cli.jvm.K2JVMCompiler @C:\Users\hodah\AndroidStudioProjects\HungryGo\app\build\20240411_924516082576872892.compiler.options

Host: Intel(R) Core(TM) i7-10870H CPU @ 2.20GHz, 16 cores, 15G,  Windows 10 , 64 bit Build 19041 (10.0.19041.3636)
Time: Thu Apr 11 21:35:22 2024 Egypt Standard Time elapsed time: 0.013221 seconds (0d 0h 0m 0s)

---------------  T H R E A D  ---------------

Current thread (0x000001b79b57c7b0):  JavaThread "Unknown thread" [_thread_in_vm, id=14220, stack(0x0000001dded00000,0x0000001ddee00000)]

Stack: [0x0000001dded00000,0x0000001ddee00000]
Native frames: (J=compiled Java code, j=interpreted, Vv=VM code, C=native code)
V  [jvm.dll+0x6886e9]
V  [jvm.dll+0x841e4a]
V  [jvm.dll+0x843a8e]
V  [jvm.dll+0x8440f3]
V  [jvm.dll+0x24c14f]
V  [jvm.dll+0x685499]
V  [jvm.dll+0x679c2a]
V  [jvm.dll+0x30cf9b]
V  [jvm.dll+0x314446]
V  [jvm.dll+0x36425e]
V  [jvm.dll+0x36448f]
V  [jvm.dll+0x2e2d68]
V  [jvm.dll+0x2e3cd4]
V  [jvm.dll+0x8129f1]
V  [jvm.dll+0x3720c1]
V  [jvm.dll+0x7f152c]
V  [jvm.dll+0x3f5d4f]
V  [jvm.dll+0x3f7981]
C  [jli.dll+0x528f]
C  [ucrtbase.dll+0x21bb2]
C  [KERNEL32.DLL+0x17344]
C  [ntdll.dll+0x526b1]


---------------  P R O C E S S  ---------------

Threads class SMR info:
_java_thread_list=0x00007ffa3095ef18, length=0, elements={
}

Java Threads: ( => current thread )

Other Threads:
  0x000001b79b5e7fe0 GCTaskThread "GC Thread#0" [stack: 0x0000001ddee00000,0x0000001ddef00000] [id=8744]
  0x000001b79b5fabd0 ConcurrentGCThread "G1 Main Marker" [stack: 0x0000001ddef00000,0x0000001ddf000000] [id=14484]
  0x000001b79b5fbd90 ConcurrentGCThread "G1 Conc#0" [stack: 0x0000001ddf000000,0x0000001ddf100000] [id=7448]

[error occurred during error reporting (printing all threads), id 0xc0000005, EXCEPTION_ACCESS_VIOLATION (0xc0000005) at pc=0x00007ffa30113937]

VM state: not at safepoint (not fully initialized)

VM Mutex/Monitor currently owned by a thread:  ([mutex/lock_event])
[0x000001b79b578380] Heap_lock - owner thread: 0x000001b79b57c7b0

Heap address: 0x0000000703800000, size: 4040 MB, Compressed Oops mode: Zero based, Oop shift amount: 3

CDS archive(s) mapped at: [0x0000000000000000-0x0000000000000000-0x0000000000000000), size 0, SharedBaseAddress: 0x0000000800000000, ArchiveRelocationMode: 1.
Narrow klass base: 0x0000000000000000, Narrow klass shift: 0, Narrow klass range: 0x0

GC Precious Log:
<Empty>

Heap:
 garbage-first heap   total 0K, used 0K [0x0000000703800000, 0x0000000800000000)
  region size 2048K, 0 young (0K), 0 survivors (0K)
 Metaspace       used 0K, committed 0K, reserved 0K
  class space    used 0K, committed 0K, reserved 0K

Heap Regions: E=young(eden), S=young(survivor), O=old, HS=humongous(starts), HC=humongous(continues), CS=collection set, F=free, OA=open archive, CA=closed archive, TAMS=top-at-mark-start (previous, next)

Card table byte_map: [0x000001b7aead0000,0x000001b7af2c0000] _byte_map_base: 0x000001b7ab2b4000

Marking Bits (Prev, Next): (CMBitMap*) 0x000001b79b5e8600, (CMBitMap*) 0x000001b79b5e8640
 Prev Bits: [0x000001b7afab0000, 0x000001b7b39d0000)
 Next Bits: [0x000001b7b39d0000, 0x000001b7b78f0000)

GC Heap History (0 events):
No events

Dll operation events (1 events):
Event: 0.008 Loaded shared library D:\abdullah\android studio\jbr\bin\java.dll

Deoptimization events (0 events):
No events

Classes unloaded (0 events):
No events

Classes redefined (0 events):
No events

Internal exceptions (0 events):
No events

VM Operations (0 events):
No events

Events (0 events):
No events


Dynamic libraries:
0x00007ff756830000 - 0x00007ff75683a000 	D:\abdullah\android studio\jbr\bin\java.exe
0x00007ffa81a30000 - 0x00007ffa81c28000 	C:\WINDOWS\SYSTEM32\ntdll.dll
0x00007ffa817a0000 - 0x00007ffa8185d000 	C:\WINDOWS\System32\KERNEL32.DLL
0x00007ffa7f6e0000 - 0x00007ffa7f9d6000 	C:\WINDOWS\System32\KERNELBASE.dll
0x00007ffa7f2b0000 - 0x00007ffa7f3b0000 	C:\WINDOWS\System32\ucrtbase.dll
0x00007ffa784b0000 - 0x00007ffa784c7000 	D:\abdullah\android studio\jbr\bin\jli.dll
0x00007ffa69350000 - 0x00007ffa6936b000 	D:\abdullah\android studio\jbr\bin\VCRUNTIME140.dll
0x00007ffa80510000 - 0x00007ffa806af000 	C:\WINDOWS\System32\USER32.dll
0x00007ffa7f440000 - 0x00007ffa7f462000 	C:\WINDOWS\System32\win32u.dll
0x00007ffa5aea0000 - 0x00007ffa5b13a000 	C:\WINDOWS\WinSxS\amd64_microsoft.windows.common-controls_6595b64144ccf1df_6.0.19041.3636_none_60b6a03d71f818d5\COMCTL32.dll
0x00007ffa7fb60000 - 0x00007ffa7fb8b000 	C:\WINDOWS\System32\GDI32.dll
0x00007ffa7fd40000 - 0x00007ffa7fdde000 	C:\WINDOWS\System32\msvcrt.dll
0x00007ffa7f0e0000 - 0x00007ffa7f1f7000 	C:\WINDOWS\System32\gdi32full.dll
0x00007ffa7f470000 - 0x00007ffa7f50d000 	C:\WINDOWS\System32\msvcp_win.dll
0x00007ffa7fa60000 - 0x00007ffa7fa92000 	C:\WINDOWS\System32\IMM32.DLL
0x00007ffa67780000 - 0x00007ffa6778c000 	D:\abdullah\android studio\jbr\bin\vcruntime140_1.dll
0x00007ffa66dc0000 - 0x00007ffa66e4d000 	D:\abdullah\android studio\jbr\bin\msvcp140.dll
0x00007ffa2fe20000 - 0x00007ffa30aa3000 	D:\abdullah\android studio\jbr\bin\server\jvm.dll
0x00007ffa80880000 - 0x00007ffa80930000 	C:\WINDOWS\System32\ADVAPI32.dll
0x00007ffa806b0000 - 0x00007ffa80750000 	C:\WINDOWS\System32\sechost.dll
0x00007ffa7fde0000 - 0x00007ffa7ff03000 	C:\WINDOWS\System32\RPCRT4.dll
0x00007ffa7fa30000 - 0x00007ffa7fa57000 	C:\WINDOWS\System32\bcrypt.dll
0x00007ffa7e5e0000 - 0x00007ffa7e62b000 	C:\WINDOWS\SYSTEM32\POWRPROF.dll
0x00007ffa61010000 - 0x00007ffa61019000 	C:\WINDOWS\SYSTEM32\WSOCK32.dll
0x00007ffa686e0000 - 0x00007ffa68707000 	C:\WINDOWS\SYSTEM32\WINMM.dll
0x00007ffa764e0000 - 0x00007ffa764ea000 	C:\WINDOWS\SYSTEM32\VERSION.dll
0x00007ffa80a70000 - 0x00007ffa80adb000 	C:\WINDOWS\System32\WS2_32.dll
0x00007ffa7e4a0000 - 0x00007ffa7e4b2000 	C:\WINDOWS\SYSTEM32\UMPDC.dll
0x00007ffa7d8c0000 - 0x00007ffa7d8d2000 	C:\WINDOWS\SYSTEM32\kernel.appcore.dll
0x00007ffa79600000 - 0x00007ffa7960a000 	D:\abdullah\android studio\jbr\bin\jimage.dll
0x00007ffa7ccb0000 - 0x00007ffa7ce94000 	C:\WINDOWS\SYSTEM32\DBGHELP.DLL
0x00007ffa6db30000 - 0x00007ffa6db64000 	C:\WINDOWS\SYSTEM32\dbgcore.DLL
0x00007ffa7f3b0000 - 0x00007ffa7f432000 	C:\WINDOWS\System32\bcryptPrimitives.dll
0x00007ffa795d0000 - 0x00007ffa795f5000 	D:\abdullah\android studio\jbr\bin\java.dll

dbghelp: loaded successfully - version: 4.0.5 - missing functions: none
symbol engine: initialized successfully - sym options: 0x614 - pdb path: .;D:\abdullah\android studio\jbr\bin;C:\WINDOWS\SYSTEM32;C:\WINDOWS\WinSxS\amd64_microsoft.windows.common-controls_6595b64144ccf1df_6.0.19041.3636_none_60b6a03d71f818d5;D:\abdullah\android studio\jbr\bin\server

VM Arguments:
java_command: org.jetbrains.kotlin.cli.jvm.K2JVMCompiler @C:\Users\hodah\AndroidStudioProjects\HungryGo\app\build\20240411_924516082576872892.compiler.options
java_class_path (initial): C:\Users\hodah\.gradle\caches\modules-2\files-2.1\org.jetbrains.kotlin\kotlin-compiler-embeddable\1.9.0\2c8c3a7402becca891f12739b3e9fd2dc2adbd7a\kotlin-compiler-embeddable-1.9.0.jar;C:\Users\hodah\.gradle\caches\modules-2\files-2.1\org.jetbrains.kotlin\kotlin-stdlib\1.9.0\8ee15ef0c67dc83d874f412d84378d7f0eb50b63\kotlin-stdlib-1.9.0.jar;C:\Users\hodah\.gradle\caches\modules-2\files-2.1\org.jetbrains.kotlin\kotlin-script-runtime\1.9.0\4b3102cbbb7e1b58d9d1adf89563f00069ffa7d1\kotlin-script-runtime-1.9.0.jar;C:\Users\hodah\.gradle\caches\modules-2\files-2.1\org.jetbrains.kotlin\kotlin-reflect\1.6.10\1cbe9c92c12a94eea200d23c2bbaedaf3daf5132\kotlin-reflect-1.6.10.jar;C:\Users\hodah\.gradle\caches\modules-2\files-2.1\org.jetbrains.kotlin\kotlin-daemon-embeddable\1.9.0\186543f5e28cf8d9a0290fecc2cf34301c40a65c\kotlin-daemon-embeddable-1.9.0.jar;C:\Users\hodah\.gradle\caches\modules-2\files-2.1\org.jetbrains.intellij.deps\trove4j\1.0.20200330\3afb14d5f9ceb459d724e907a21145e8ff394f02\trove4j-1.0.20200330.jar;C:\Users\hodah\.gradle\caches\modules-2\files-2.1\org.jetbrains.kotlin\kotlin-stdlib-common\1.9.0\cd65c21cfd1eec4d44ef09f9f52b6d9f8a720636\kotlin-stdlib-common-1.9.0.jar;C:\Users\hodah\.gradle\caches\modules-2\files-2.1\org.jetbrains\annotations\13.0\919f0dfe192fb4e063e7dacadee7f8bb9a2672a9\annotations-13.0.jar
Launcher Type: SUN_STANDARD

[Global flags]
     intx CICompilerCount                          = 12                                        {product} {ergonomic}
     uint ConcGCThreads                            = 3                                         {product} {ergonomic}
     uint G1ConcRefinementThreads                  = 13                                        {product} {ergonomic}
   size_t G1HeapRegionSize                         = 2097152                                   {product} {ergonomic}
    uintx GCDrainStackTargetSize                   = 64                                        {product} {ergonomic}
   size_t InitialHeapSize                          = 266338304                                 {product} {ergonomic}
   size_t MarkStackSize                            = 4194304                                   {product} {ergonomic}
   size_t MaxHeapSize                              = 4236247040                                {product} {ergonomic}
   size_t MinHeapDeltaBytes                        = 2097152                                   {product} {ergonomic}
   size_t MinHeapSize                              = 8388608                                   {product} {ergonomic}
    uintx NonNMethodCodeHeapSize                   = 7602480                                {pd product} {ergonomic}
    uintx NonProfiledCodeHeapSize                  = 122027880                              {pd product} {ergonomic}
    uintx ProfiledCodeHeapSize                     = 122027880                              {pd product} {ergonomic}
    uintx ReservedCodeCacheSize                    = 251658240                              {pd product} {ergonomic}
     bool SegmentedCodeCache                       = true                                      {product} {ergonomic}
   size_t SoftMaxHeapSize                          = 4236247040                             {manageable} {ergonomic}
     bool UseCompressedClassPointers               = true                           {product lp64_product} {ergonomic}
     bool UseCompressedOops                        = true                           {product lp64_product} {ergonomic}
     bool UseG1GC                                  = true                                      {product} {ergonomic}
     bool UseLargePagesIndividualAllocation        = false                                  {pd product} {ergonomic}

Logging:
Log output configuration:
 #0: stdout all=warning uptime,level,tags
 #1: stderr all=off uptime,level,tags

Environment Variables:
PATH=C:\Program Files\Common Files\Oracle\Java\javapath;C:\Program Files (x86)\Common Files\Oracle\Java\javapath;C:\WINDOWS\system32;C:\WINDOWS;C:\WINDOWS\System32\Wbem;C:\WINDOWS\System32\WindowsPowerShell\v1.0\;C:\WINDOWS\System32\OpenSSH\;C:\Program Files\dotnet\;C:\Users\hodah\AppData\Local\Microsoft\WindowsApps;C:\adb;C:\Program Files\Git\cmd;C:\Users\hodah\AppData\Local\Microsoft\WindowsApps;C:\Users\hodah\AppData\Local\Android\Sdk\platform-tools;C:\Users\hodah;
USERNAME=hodah
OS=Windows_NT
PROCESSOR_IDENTIFIER=Intel64 Family 6 Model 165 Stepping 2, GenuineIntel
TMP=C:\Users\hodah\AppData\Local\Temp
TEMP=C:\Users\hodah\AppData\Local\Temp



Periodic native trim disabled

JNI global refs:
JNI global refs: 0, weak refs: 0

JNI global refs memory usage: 0, weak refs: 0

OOME stack traces (most recent first):
Classloader memory used:


---------------  S Y S T E M  ---------------

OS:
 Windows 10 , 64 bit Build 19041 (10.0.19041.3636)
OS uptime: 0 days 1:00 hours
Hyper-V role detected

CPU: total 16 (initial active 16) (8 cores per cpu, 2 threads per core) family 6 model 165 stepping 2 microcode 0xf8, cx8, cmov, fxsr, ht, mmx, 3dnowpref, sse, sse2, sse3, ssse3, sse4.1, sse4.2, popcnt, lzcnt, tsc, tscinvbit, avx, avx2, aes, erms, clmul, bmi1, bmi2, adx, fma, vzeroupper, clflush, clflushopt, hv
Processor Information for all 16 processors :
  Max Mhz: 2208, Current Mhz: 2208, Mhz Limit: 2208

Memory: 4k page, system-wide physical 16158M (1729M free)
TotalPageFile size 18206M (AvailPageFile size 49M)
current process WorkingSet (physical memory assigned to process): 11M, peak: 11M
current process commit charge ("private bytes"): 70M, peak: 324M

vm_info: OpenJDK 64-Bit Server VM (17.0.9+0--11185874) for windows-amd64 JRE (17.0.9+0--11185874), built on Dec  6 2023 18:57:44 by "androidbuild" with MS VC++ 16.10 / 16.11 (VS2019)

END.
